Arguments: 
  /opt/homebrew/Cellar/node/20.3.0_1/bin/node /opt/homebrew/bin/yarn install

PATH: 
  /opt/homebrew/bin:/opt/homebrew/sbin:/usr/local/bin:/System/Cryptexes/App/usr/bin:/usr/bin:/bin:/usr/sbin:/sbin:/usr/local/share/dotnet:~/.dotnet/tools:/Library/Apple/usr/bin:/Users/mac/Library/Android/sdk:/opt/homebrew/bin:/opt/homebrew/sbin:/Users/mac/Library/Android/sdk/emulator:/Users/mac/Library/Android/sdk/platform-tools:/Users/mac/Library/Android/sdk/tools:/Users/mac/Library/Android/sdk/tools/bin:/Users/mac/Library/Android/sdk/emulator:/Users/mac/Library/Android/sdk/platform-tools:/Users/mac/Library/Android/sdk/tools:/Users/mac/Library/Android/sdk/tools/bin

Yarn version: 
  1.22.19

Node version: 
  20.3.0

Platform: 
  darwin arm64

Trace: 
  Error: getaddrinfo ENOTFOUND registry.yarnpkg.com
      at GetAddrInfoReqWrap.onlookupall [as oncomplete] (node:dns:118:26)

npm manifest: 
  {
    "scripts": {
      "start": "expo start",
      "android": "expo start --android",
      "ios": "expo start --ios",
      "web": "expo start --web"
    },
    "dependencies": {
      "@types/react": "~18.0.27",
      "expo": "^48.0.7",
      "expo-constants": "~14.2.1",
      "expo-linking": "~4.0.1",
      "expo-router": "^1.2.0",
      "expo-splash-screen": "~0.18.1",
      "expo-status-bar": "~1.4.2",
      "react": "18.2.0",
      "react-dom": "18.2.0",
      "react-native": "0.71.3",
      "react-native-gesture-handler": "~2.9.0",
      "react-native-reanimated": "~2.14.4",
      "react-native-safe-area-context": "4.5.0",
      "react-native-screens": "~3.20.0",
      "react-native-web": "~0.18.7",
      "typescript": "^4.9.4"
    },
    "devDependencies": {
      "@babel/core": "^7.19.3",
      "@babel/plugin-proposal-export-namespace-from": "^7.18.9",
      "@types/react-native": "^0.72.2"
    },
    "resolutions": {
      "metro": "^0.73.7",
      "metro-resolver": "^0.73.7"
    },
    "overrides": {
      "metro": "^0.73.7",
      "metro-resolver": "^0.73.7"
    },
    "name": "wordmage",
    "version": "1.0.0",
    "private": true
  }

yarn manifest: 
  No manifest

Lockfile: 
  No lockfile
